2018-01-05 21:48:55.9062 | INFO | ServiceFines.Controllers.GatewayController | Request from 0 with parametr 'service'= users
2018-01-05 21:49:14.6553 | INFO | ServiceFines.Controllers.GatewayController | Request http://localhost:50133/api/Users. Answer status = OK and Reason = OK
2018-01-05 21:49:14.6553 | INFO | ServiceFines.Controllers.GatewayController | Succsess request from 0 with parametr 'service'= users
2018-01-05 21:50:29.8146 | INFO | ServiceFines.Controllers.GatewayController | Request DELETE from 0 with parametr 'FIO'= Loza Ivan
2018-01-05 21:51:12.5211 | ERROR | ServiceFines.Controllers.GatewayController | Error with request DELETE http://localhost:50178/api/Machine/. Error message: Произошла ошибка при отправке запроса.
2018-01-05 21:51:14.6362 | ERROR | ServiceFines.Controllers.GatewayController | Error with request DELETE http://localhost:50178/api/Fines/ with filters. Error message: Произошла ошибка при отправке запроса.
2018-01-05 21:51:16.6802 | ERROR | ServiceFines.Controllers.GatewayController | Error with request DELETE http://localhost:50178/api/Fines/ with filters. Error message: Произошла ошибка при отправке запроса.
2018-01-05 21:51:18.7328 | ERROR | ServiceFines.Controllers.GatewayController | Error with request DELETE http://localhost:50178/api/Fines/ with filters. Error message: Произошла ошибка при отправке запроса.
2018-01-05 21:51:20.7875 | ERROR | ServiceFines.Controllers.GatewayController | Error with request DELETE http://localhost:50178/api/Fines/ with filters. Error message: Произошла ошибка при отправке запроса.
2018-01-05 21:51:22.8410 | ERROR | ServiceFines.Controllers.GatewayController | Error with request DELETE http://localhost:50178/api/Fines/ with filters. Error message: Произошла ошибка при отправке запроса.
2018-01-05 21:51:24.8631 | ERROR | ServiceFines.Controllers.GatewayController | Error with request DELETE http://localhost:50178/api/Fines/ with filters. Error message: Произошла ошибка при отправке запроса.
2018-01-05 21:51:26.8917 | ERROR | ServiceFines.Controllers.GatewayController | Error with request DELETE http://localhost:50178/api/Fines/ with filters. Error message: Произошла ошибка при отправке запроса.
2018-01-05 21:51:28.9180 | ERROR | ServiceFines.Controllers.GatewayController | Error with request DELETE http://localhost:50178/api/Fines/ with filters. Error message: Произошла ошибка при отправке запроса.
2018-01-05 21:51:30.9474 | ERROR | ServiceFines.Controllers.GatewayController | Error with request DELETE http://localhost:50178/api/Fines/ with filters. Error message: Произошла ошибка при отправке запроса.
2018-01-05 21:51:32.9830 | ERROR | ServiceFines.Controllers.GatewayController | Error with request DELETE http://localhost:50178/api/Fines/ with filters. Error message: Произошла ошибка при отправке запроса.
2018-01-05 21:51:35.0363 | ERROR | ServiceFines.Controllers.GatewayController | Error with request DELETE http://localhost:50178/api/Fines/ with filters. Error message: Произошла ошибка при отправке запроса.
2018-01-05 21:51:37.0793 | ERROR | ServiceFines.Controllers.GatewayController | Error with request DELETE http://localhost:50178/api/Fines/ with filters. Error message: Произошла ошибка при отправке запроса.
2018-01-05 21:51:39.1211 | ERROR | ServiceFines.Controllers.GatewayController | Error with request DELETE http://localhost:50178/api/Fines/ with filters. Error message: Произошла ошибка при отправке запроса.
2018-01-05 21:51:41.1683 | ERROR | ServiceFines.Controllers.GatewayController | Error with request DELETE http://localhost:50178/api/Fines/ with filters. Error message: Произошла ошибка при отправке запроса.
2018-01-05 21:51:43.2202 | ERROR | ServiceFines.Controllers.GatewayController | Error with request DELETE http://localhost:50178/api/Fines/ with filters. Error message: Произошла ошибка при отправке запроса.
2018-01-05 21:51:45.2509 | ERROR | ServiceFines.Controllers.GatewayController | Error with request DELETE http://localhost:50178/api/Fines/ with filters. Error message: Произошла ошибка при отправке запроса.
2018-01-05 21:51:47.2761 | ERROR | ServiceFines.Controllers.GatewayController | Error with request DELETE http://localhost:50178/api/Fines/ with filters. Error message: Произошла ошибка при отправке запроса.
2018-01-05 21:51:49.3247 | ERROR | ServiceFines.Controllers.GatewayController | Error with request DELETE http://localhost:50178/api/Fines/ with filters. Error message: Произошла ошибка при отправке запроса.
2018-01-05 21:51:51.3530 | ERROR | ServiceFines.Controllers.GatewayController | Error with request DELETE http://localhost:50178/api/Fines/ with filters. Error message: Произошла ошибка при отправке запроса.
2018-01-05 21:51:53.3764 | ERROR | ServiceFines.Controllers.GatewayController | Error with request DELETE http://localhost:50178/api/Fines/ with filters. Error message: Произошла ошибка при отправке запроса.
2018-01-05 21:51:55.4061 | ERROR | ServiceFines.Controllers.GatewayController | Error with request DELETE http://localhost:50178/api/Fines/ with filters. Error message: Произошла ошибка при отправке запроса.
2018-01-05 21:51:57.4340 | ERROR | ServiceFines.Controllers.GatewayController | Error with request DELETE http://localhost:50178/api/Fines/ with filters. Error message: Произошла ошибка при отправке запроса.
2018-01-05 21:51:59.4817 | ERROR | ServiceFines.Controllers.GatewayController | Error with request DELETE http://localhost:50178/api/Fines/ with filters. Error message: Произошла ошибка при отправке запроса.
2018-01-05 21:52:01.5145 | ERROR | ServiceFines.Controllers.GatewayController | Error with request DELETE http://localhost:50178/api/Fines/ with filters. Error message: Произошла ошибка при отправке запроса.
2018-01-05 21:52:03.5398 | ERROR | ServiceFines.Controllers.GatewayController | Error with request DELETE http://localhost:50178/api/Fines/ with filters. Error message: Произошла ошибка при отправке запроса.
2018-01-05 21:52:05.5633 | ERROR | ServiceFines.Controllers.GatewayController | Error with request DELETE http://localhost:50178/api/Fines/ with filters. Error message: Произошла ошибка при отправке запроса.
2018-01-05 21:52:07.6130 | ERROR | ServiceFines.Controllers.GatewayController | Error with request DELETE http://localhost:50178/api/Fines/ with filters. Error message: Произошла ошибка при отправке запроса.
2018-01-05 21:52:09.6692 | ERROR | ServiceFines.Controllers.GatewayController | Error with request DELETE http://localhost:50178/api/Fines/ with filters. Error message: Произошла ошибка при отправке запроса.
2018-01-05 21:52:11.7248 | ERROR | ServiceFines.Controllers.GatewayController | Error with request DELETE http://localhost:50178/api/Fines/ with filters. Error message: Произошла ошибка при отправке запроса.
2018-01-05 21:52:13.7517 | ERROR | ServiceFines.Controllers.GatewayController | Error with request DELETE http://localhost:50178/api/Fines/ with filters. Error message: Произошла ошибка при отправке запроса.
2018-01-05 21:52:15.7987 | ERROR | ServiceFines.Controllers.GatewayController | Error with request DELETE http://localhost:50178/api/Fines/ with filters. Error message: Произошла ошибка при отправке запроса.
2018-01-05 21:52:17.8221 | ERROR | ServiceFines.Controllers.GatewayController | Error with request DELETE http://localhost:50178/api/Fines/ with filters. Error message: Произошла ошибка при отправке запроса.
2018-01-05 21:52:19.8453 | ERROR | ServiceFines.Controllers.GatewayController | Error with request DELETE http://localhost:50178/api/Fines/ with filters. Error message: Произошла ошибка при отправке запроса.
2018-01-05 21:52:21.8920 | ERROR | ServiceFines.Controllers.GatewayController | Error with request DELETE http://localhost:50178/api/Fines/ with filters. Error message: Произошла ошибка при отправке запроса.
2018-01-05 21:52:23.9173 | ERROR | ServiceFines.Controllers.GatewayController | Error with request DELETE http://localhost:50178/api/Fines/ with filters. Error message: Произошла ошибка при отправке запроса.
2018-01-05 21:52:25.9483 | ERROR | ServiceFines.Controllers.GatewayController | Error with request DELETE http://localhost:50178/api/Fines/ with filters. Error message: Произошла ошибка при отправке запроса.
2018-01-05 21:52:27.9776 | ERROR | ServiceFines.Controllers.GatewayController | Error with request DELETE http://localhost:50178/api/Fines/ with filters. Error message: Произошла ошибка при отправке запроса.
2018-01-05 21:52:30.0345 | ERROR | ServiceFines.Controllers.GatewayController | Error with request DELETE http://localhost:50178/api/Fines/ with filters. Error message: Произошла ошибка при отправке запроса.
2018-01-05 21:52:32.0862 | ERROR | ServiceFines.Controllers.GatewayController | Error with request DELETE http://localhost:50178/api/Fines/ with filters. Error message: Произошла ошибка при отправке запроса.
2018-01-05 21:52:34.1147 | ERROR | ServiceFines.Controllers.GatewayController | Error with request DELETE http://localhost:50178/api/Fines/ with filters. Error message: Произошла ошибка при отправке запроса.
2018-01-05 21:52:36.1499 | ERROR | ServiceFines.Controllers.GatewayController | Error with request DELETE http://localhost:50178/api/Fines/ with filters. Error message: Произошла ошибка при отправке запроса.
2018-01-05 21:52:38.1804 | ERROR | ServiceFines.Controllers.GatewayController | Error with request DELETE http://localhost:50178/api/Fines/ with filters. Error message: Произошла ошибка при отправке запроса.
2018-01-05 21:52:40.2117 | ERROR | ServiceFines.Controllers.GatewayController | Error with request DELETE http://localhost:50178/api/Fines/ with filters. Error message: Произошла ошибка при отправке запроса.
2018-01-05 21:52:42.2609 | ERROR | ServiceFines.Controllers.GatewayController | Error with request DELETE http://localhost:50178/api/Fines/ with filters. Error message: Произошла ошибка при отправке запроса.
2018-01-05 21:52:44.3024 | ERROR | ServiceFines.Controllers.GatewayController | Error with request DELETE http://localhost:50178/api/Fines/ with filters. Error message: Произошла ошибка при отправке запроса.
2018-01-05 21:52:46.3314 | ERROR | ServiceFines.Controllers.GatewayController | Error with request DELETE http://localhost:50178/api/Fines/ with filters. Error message: Произошла ошибка при отправке запроса.
2018-01-05 21:52:48.3600 | ERROR | ServiceFines.Controllers.GatewayController | Error with request DELETE http://localhost:50178/api/Fines/ with filters. Error message: Произошла ошибка при отправке запроса.
2018-01-05 21:52:50.3964 | ERROR | ServiceFines.Controllers.GatewayController | Error with request DELETE http://localhost:50178/api/Fines/ with filters. Error message: Произошла ошибка при отправке запроса.
2018-01-05 21:52:52.4221 | ERROR | ServiceFines.Controllers.GatewayController | Error with request DELETE http://localhost:50178/api/Fines/ with filters. Error message: Произошла ошибка при отправке запроса.
2018-01-05 21:52:54.4754 | ERROR | ServiceFines.Controllers.GatewayController | Error with request DELETE http://localhost:50178/api/Fines/ with filters. Error message: Произошла ошибка при отправке запроса.
2018-01-05 21:52:56.5253 | ERROR | ServiceFines.Controllers.GatewayController | Error with request DELETE http://localhost:50178/api/Fines/ with filters. Error message: Произошла ошибка при отправке запроса.
2018-01-05 21:52:58.5757 | ERROR | ServiceFines.Controllers.GatewayController | Error with request DELETE http://localhost:50178/api/Fines/ with filters. Error message: Произошла ошибка при отправке запроса.
2018-01-05 21:53:00.6101 | ERROR | ServiceFines.Controllers.GatewayController | Error with request DELETE http://localhost:50178/api/Fines/ with filters. Error message: Произошла ошибка при отправке запроса.
2018-01-05 21:53:02.6343 | ERROR | ServiceFines.Controllers.GatewayController | Error with request DELETE http://localhost:50178/api/Fines/ with filters. Error message: Произошла ошибка при отправке запроса.
2018-01-05 21:53:04.6733 | ERROR | ServiceFines.Controllers.GatewayController | Error with request DELETE http://localhost:50178/api/Fines/ with filters. Error message: Произошла ошибка при отправке запроса.
2018-01-05 21:53:06.7244 | ERROR | ServiceFines.Controllers.GatewayController | Error with request DELETE http://localhost:50178/api/Fines/ with filters. Error message: Произошла ошибка при отправке запроса.
2018-01-05 21:53:08.7644 | ERROR | ServiceFines.Controllers.GatewayController | Error with request DELETE http://localhost:50178/api/Fines/ with filters. Error message: Произошла ошибка при отправке запроса.
2018-01-05 21:53:10.7948 | ERROR | ServiceFines.Controllers.GatewayController | Error with request DELETE http://localhost:50178/api/Fines/ with filters. Error message: Произошла ошибка при отправке запроса.
2018-01-05 21:53:12.8224 | ERROR | ServiceFines.Controllers.GatewayController | Error with request DELETE http://localhost:50178/api/Fines/ with filters. Error message: Произошла ошибка при отправке запроса.
2018-01-05 21:53:14.8685 | ERROR | ServiceFines.Controllers.GatewayController | Error with request DELETE http://localhost:50178/api/Fines/ with filters. Error message: Произошла ошибка при отправке запроса.
2018-01-05 21:53:16.9014 | ERROR | ServiceFines.Controllers.GatewayController | Error with request DELETE http://localhost:50178/api/Fines/ with filters. Error message: Произошла ошибка при отправке запроса.
2018-01-05 21:53:18.9549 | ERROR | ServiceFines.Controllers.GatewayController | Error with request DELETE http://localhost:50178/api/Fines/ with filters. Error message: Произошла ошибка при отправке запроса.
2018-01-05 21:53:21.0101 | ERROR | ServiceFines.Controllers.GatewayController | Error with request DELETE http://localhost:50178/api/Fines/ with filters. Error message: Произошла ошибка при отправке запроса.
2018-01-05 21:53:23.0676 | ERROR | ServiceFines.Controllers.GatewayController | Error with request DELETE http://localhost:50178/api/Fines/ with filters. Error message: Произошла ошибка при отправке запроса.
2018-01-05 21:53:25.1095 | ERROR | ServiceFines.Controllers.GatewayController | Error with request DELETE http://localhost:50178/api/Fines/ with filters. Error message: Произошла ошибка при отправке запроса.
2018-01-05 21:53:27.1418 | ERROR | ServiceFines.Controllers.GatewayController | Error with request DELETE http://localhost:50178/api/Fines/ with filters. Error message: Произошла ошибка при отправке запроса.
2018-01-05 21:53:29.1850 | ERROR | ServiceFines.Controllers.GatewayController | Error with request DELETE http://localhost:50178/api/Fines/ with filters. Error message: Произошла ошибка при отправке запроса.
2018-01-05 21:53:31.2352 | ERROR | ServiceFines.Controllers.GatewayController | Error with request DELETE http://localhost:50178/api/Fines/ with filters. Error message: Произошла ошибка при отправке запроса.
2018-01-05 21:53:33.2853 | ERROR | ServiceFines.Controllers.GatewayController | Error with request DELETE http://localhost:50178/api/Fines/ with filters. Error message: Произошла ошибка при отправке запроса.
2018-01-05 21:53:35.3256 | ERROR | ServiceFines.Controllers.GatewayController | Error with request DELETE http://localhost:50178/api/Fines/ with filters. Error message: Произошла ошибка при отправке запроса.
2018-01-05 21:53:37.3496 | ERROR | ServiceFines.Controllers.GatewayController | Error with request DELETE http://localhost:50178/api/Fines/ with filters. Error message: Произошла ошибка при отправке запроса.
2018-01-05 21:53:39.3944 | ERROR | ServiceFines.Controllers.GatewayController | Error with request DELETE http://localhost:50178/api/Fines/ with filters. Error message: Произошла ошибка при отправке запроса.
2018-01-05 21:53:41.4421 | ERROR | ServiceFines.Controllers.GatewayController | Error with request DELETE http://localhost:50178/api/Fines/ with filters. Error message: Произошла ошибка при отправке запроса.
2018-01-05 21:53:43.4807 | ERROR | ServiceFines.Controllers.GatewayController | Error with request DELETE http://localhost:50178/api/Fines/ with filters. Error message: Произошла ошибка при отправке запроса.
2018-01-05 21:53:45.5128 | ERROR | ServiceFines.Controllers.GatewayController | Error with request DELETE http://localhost:50178/api/Fines/ with filters. Error message: Произошла ошибка при отправке запроса.
2018-01-05 21:53:47.5622 | ERROR | ServiceFines.Controllers.GatewayController | Error with request DELETE http://localhost:50178/api/Fines/ with filters. Error message: Произошла ошибка при отправке запроса.
2018-01-05 21:53:49.5956 | ERROR | ServiceFines.Controllers.GatewayController | Error with request DELETE http://localhost:50178/api/Fines/ with filters. Error message: Произошла ошибка при отправке запроса.
2018-01-05 21:53:51.6340 | ERROR | ServiceFines.Controllers.GatewayController | Error with request DELETE http://localhost:50178/api/Fines/ with filters. Error message: Произошла ошибка при отправке запроса.
2018-01-05 21:53:53.6890 | ERROR | ServiceFines.Controllers.GatewayController | Error with request DELETE http://localhost:50178/api/Fines/ with filters. Error message: Произошла ошибка при отправке запроса.
2018-01-05 21:53:55.7331 | ERROR | ServiceFines.Controllers.GatewayController | Error with request DELETE http://localhost:50178/api/Fines/ with filters. Error message: Произошла ошибка при отправке запроса.
2018-01-05 21:53:57.7816 | ERROR | ServiceFines.Controllers.GatewayController | Error with request DELETE http://localhost:50178/api/Fines/ with filters. Error message: Произошла ошибка при отправке запроса.
2018-01-05 21:53:59.8261 | ERROR | ServiceFines.Controllers.GatewayController | Error with request DELETE http://localhost:50178/api/Fines/ with filters. Error message: Произошла ошибка при отправке запроса.
2018-01-05 21:54:01.8761 | ERROR | ServiceFines.Controllers.GatewayController | Error with request DELETE http://localhost:50178/api/Fines/ with filters. Error message: Произошла ошибка при отправке запроса.
2018-01-05 21:54:03.9048 | ERROR | ServiceFines.Controllers.GatewayController | Error with request DELETE http://localhost:50178/api/Fines/ with filters. Error message: Произошла ошибка при отправке запроса.
2018-01-05 21:54:05.9377 | ERROR | ServiceFines.Controllers.GatewayController | Error with request DELETE http://localhost:50178/api/Fines/ with filters. Error message: Произошла ошибка при отправке запроса.
2018-01-05 21:54:07.9770 | ERROR | ServiceFines.Controllers.GatewayController | Error with request DELETE http://localhost:50178/api/Fines/ with filters. Error message: Произошла ошибка при отправке запроса.
2018-01-05 21:54:10.0019 | ERROR | ServiceFines.Controllers.GatewayController | Error with request DELETE http://localhost:50178/api/Fines/ with filters. Error message: Произошла ошибка при отправке запроса.
2018-01-05 21:54:12.0504 | ERROR | ServiceFines.Controllers.GatewayController | Error with request DELETE http://localhost:50178/api/Fines/ with filters. Error message: Произошла ошибка при отправке запроса.
2018-01-05 21:54:14.0928 | ERROR | ServiceFines.Controllers.GatewayController | Error with request DELETE http://localhost:50178/api/Fines/ with filters. Error message: Произошла ошибка при отправке запроса.
2018-01-05 21:54:16.1219 | ERROR | ServiceFines.Controllers.GatewayController | Error with request DELETE http://localhost:50178/api/Fines/ with filters. Error message: Произошла ошибка при отправке запроса.
2018-01-05 21:54:18.1523 | ERROR | ServiceFines.Controllers.GatewayController | Error with request DELETE http://localhost:50178/api/Fines/ with filters. Error message: Произошла ошибка при отправке запроса.
2018-01-05 21:54:19.8742 | INFO | ServiceFines.Controllers.GatewayController | Request from 0 with parametr 'service'= fines
2018-01-05 21:54:20.1812 | ERROR | ServiceFines.Controllers.GatewayController | Error with request DELETE http://localhost:50178/api/Fines/ with filters. Error message: Произошла ошибка при отправке запроса.
2018-01-05 21:54:22.2073 | ERROR | ServiceFines.Controllers.GatewayController | Error with request DELETE http://localhost:50178/api/Fines/ with filters. Error message: Произошла ошибка при отправке запроса.
2018-01-05 21:54:24.2573 | ERROR | ServiceFines.Controllers.GatewayController | Error with request DELETE http://localhost:50178/api/Fines/ with filters. Error message: Произошла ошибка при отправке запроса.
2018-01-05 21:54:26.3102 | ERROR | ServiceFines.Controllers.GatewayController | Error with request DELETE http://localhost:50178/api/Fines/ with filters. Error message: Произошла ошибка при отправке запроса.
2018-01-05 21:54:28.3563 | ERROR | ServiceFines.Controllers.GatewayController | Error with request DELETE http://localhost:50178/api/Fines/ with filters. Error message: Произошла ошибка при отправке запроса.
2018-01-05 21:54:30.3832 | ERROR | ServiceFines.Controllers.GatewayController | Error with request DELETE http://localhost:50178/api/Fines/ with filters. Error message: Произошла ошибка при отправке запроса.
2018-01-05 21:54:32.4285 | ERROR | ServiceFines.Controllers.GatewayController | Error with request DELETE http://localhost:50178/api/Fines/ with filters. Error message: Произошла ошибка при отправке запроса.
2018-01-05 21:54:34.4677 | ERROR | ServiceFines.Controllers.GatewayController | Error with request DELETE http://localhost:50178/api/Fines/ with filters. Error message: Произошла ошибка при отправке запроса.
2018-01-05 21:54:36.4914 | ERROR | ServiceFines.Controllers.GatewayController | Error with request DELETE http://localhost:50178/api/Fines/ with filters. Error message: Произошла ошибка при отправке запроса.
2018-01-05 21:54:38.5411 | ERROR | ServiceFines.Controllers.GatewayController | Error with request DELETE http://localhost:50178/api/Fines/ with filters. Error message: Произошла ошибка при отправке запроса.
2018-01-05 21:54:40.5761 | ERROR | ServiceFines.Controllers.GatewayController | Error with request DELETE http://localhost:50178/api/Fines/ with filters. Error message: Произошла ошибка при отправке запроса.
2018-01-05 21:54:42.6023 | ERROR | ServiceFines.Controllers.GatewayController | Error with request DELETE http://localhost:50178/api/Fines/ with filters. Error message: Произошла ошибка при отправке запроса.
2018-01-05 21:54:44.6248 | ERROR | ServiceFines.Controllers.GatewayController | Error with request DELETE http://localhost:50178/api/Fines/ with filters. Error message: Произошла ошибка при отправке запроса.
2018-01-05 21:54:46.6462 | ERROR | ServiceFines.Controllers.GatewayController | Error with request DELETE http://localhost:50178/api/Fines/ with filters. Error message: Произошла ошибка при отправке запроса.
2018-01-05 21:54:48.8623 | ERROR | ServiceFines.Controllers.GatewayController | Error with request DELETE http://localhost:50178/api/Fines/ with filters. Error message: Произошла ошибка при отправке запроса.
2018-01-05 21:54:50.8921 | ERROR | ServiceFines.Controllers.GatewayController | Error with request DELETE http://localhost:50178/api/Fines/ with filters. Error message: Произошла ошибка при отправке запроса.
2018-01-05 21:54:52.9161 | ERROR | ServiceFines.Controllers.GatewayController | Error with request DELETE http://localhost:50178/api/Fines/ with filters. Error message: Произошла ошибка при отправке запроса.
2018-01-05 21:54:54.9536 | ERROR | ServiceFines.Controllers.GatewayController | Error with request DELETE http://localhost:50178/api/Fines/ with filters. Error message: Произошла ошибка при отправке запроса.
2018-01-05 21:54:56.9758 | ERROR | ServiceFines.Controllers.GatewayController | Error with request DELETE http://localhost:50178/api/Fines/ with filters. Error message: Произошла ошибка при отправке запроса.
2018-01-05 21:55:15.4523 | INFO | ServiceFines.Controllers.GatewayController | Request from 0 with parametr 'service'= fines
2018-01-05 21:55:15.4856 | INFO | ServiceFines.Controllers.GatewayController | Request http://localhost:50178/api/Fines. Answer status = OK and Reason = OK
2018-01-05 21:55:15.4856 | INFO | ServiceFines.Controllers.GatewayController | Succsess request from 0 with parametr 'service'= fines
2018-01-05 23:25:30.8618 | INFO | ServiceFines.Controllers.GatewayController | Request POST from 0 with parametrs 'FIO'= Lomonosov, 'Adress'= Kursk, 'Phone'= 89197678732, 'Mark'= Audi, 'Model'= A8, 'StateNumber'= m987bt190, 'NameFine'= Проезд на красный свет, 'AmountFine'= 1500
2018-01-05 23:26:43.3535 | INFO | ServiceFines.Controllers.GatewayController | Success compliete request POST from 0 with parametrs 'FIO'= Lomonosov, 'Adress'= Kursk, 'Phone'= 89197678732, 'Mark'= Audi, 'Model'= A8, 'StateNumber'= m987bt190, 'NameFine'= Проезд на красный свет, 'AmountFine'= 1500
2018-01-05 23:27:01.0019 | INFO | ServiceFines.Controllers.GatewayController | Request from 0 with parametr 'service'= users
2018-01-05 23:27:01.0285 | INFO | ServiceFines.Controllers.GatewayController | Request http://localhost:50133/api/Users. Answer status = OK and Reason = OK
2018-01-05 23:27:01.0285 | INFO | ServiceFines.Controllers.GatewayController | Succsess request from 0 with parametr 'service'= users
2018-01-05 23:27:16.6265 | INFO | ServiceFines.Controllers.GatewayController | Request DELETE from 0 with parametr 'FIO'= Lomonosov
2018-01-05 23:27:17.1778 | INFO | ServiceFines.Controllers.GatewayController | Success compliete DELETE from 0 with parametr 'FIO'= Lomonosov
2018-01-05 23:28:31.0533 | INFO | ServiceFines.Controllers.GatewayController | Request from 0 with parametr 'service'= users
2018-01-05 23:28:37.0092 | INFO | ServiceFines.Controllers.GatewayController | Request from 0 with parametr 'service'= users
2018-01-05 23:29:52.0612 | INFO | ServiceFines.Controllers.GatewayController | Request from 0 with parametr 'service'= users
2018-01-05 23:29:54.9444 | INFO | ServiceFines.Controllers.GatewayController | Request http://localhost:50133/api/Users. Answer status = OK and Reason = OK
2018-01-05 23:29:54.9444 | INFO | ServiceFines.Controllers.GatewayController | Succsess request from 0 with parametr 'service'= users
2018-01-05 23:30:05.1545 | INFO | ServiceFines.Controllers.GatewayController | Request from 0 with parametr 'service'= machines
2018-01-05 23:30:08.3743 | INFO | ServiceFines.Controllers.GatewayController | Request http://localhost:50078/api/Machines. Answer status = OK and Reason = OK
2018-01-05 23:30:08.3743 | INFO | ServiceFines.Controllers.GatewayController | Succsess request from 0 with parametr 'service'= machines
2018-01-05 23:31:21.7450 | INFO | ServiceFines.Controllers.GatewayController | Request from 0 with parametr 'service'= machines
2018-01-05 23:31:21.7610 | INFO | ServiceFines.Controllers.GatewayController | Request http://localhost:50078/api/Machines. Answer status = OK and Reason = OK
2018-01-05 23:31:21.7610 | INFO | ServiceFines.Controllers.GatewayController | Succsess request from 0 with parametr 'service'= machines
2018-01-05 23:31:27.4619 | INFO | ServiceFines.Controllers.GatewayController | Request from 0 with parametr 'service'= machines
2018-01-05 23:31:27.4689 | INFO | ServiceFines.Controllers.GatewayController | Request http://localhost:50078/api/Machines. Answer status = OK and Reason = OK
2018-01-05 23:31:27.4689 | INFO | ServiceFines.Controllers.GatewayController | Succsess request from 0 with parametr 'service'= machines
2018-01-05 23:32:58.2134 | INFO | ServiceFines.Controllers.GatewayController | Request from 0 with parametr 'service'= users
2018-01-05 23:32:58.2836 | INFO | ServiceFines.Controllers.GatewayController | Request http://localhost:50133/api/Users. Answer status = OK and Reason = OK
2018-01-05 23:32:58.2836 | INFO | ServiceFines.Controllers.GatewayController | Succsess request from 0 with parametr 'service'= users
2018-01-05 23:33:03.5621 | INFO | ServiceFines.Controllers.GatewayController | Request POST from 0 with parametrs 'FIO'= Lomonosov, 'Adress'= Kursk, 'Phone'= 89197678732, 'Mark'= Audi, 'Model'= A8, 'StateNumber'= m987bt190, 'NameFine'= Проезд на красный свет, 'AmountFine'= 1500
2018-01-05 23:34:10.0515 | ERROR | ServiceFines.Controllers.GatewayController | Error with request POST http://localhost:50078/api/Machines . Error message: Произошла ошибка при отправке запроса.
2018-01-05 23:41:22.8656 | INFO | ServiceFines.Controllers.GatewayController | Request from 0 with parametr 'service'= users
2018-01-05 23:41:23.7712 | INFO | ServiceFines.Controllers.GatewayController | Request http://localhost:50133/api/Users. Answer status = OK and Reason = OK
2018-01-05 23:41:23.7712 | INFO | ServiceFines.Controllers.GatewayController | Succsess request from 0 with parametr 'service'= users
2018-01-05 23:41:40.1964 | INFO | ServiceFines.Controllers.GatewayController | Request from 0 with parametr 'service'= machines
2018-01-05 23:41:43.5502 | INFO | ServiceFines.Controllers.GatewayController | Request http://localhost:50078/api/Machines. Answer status = OK and Reason = OK
2018-01-05 23:41:43.5502 | INFO | ServiceFines.Controllers.GatewayController | Succsess request from 0 with parametr 'service'= machines
2018-01-05 23:41:53.1886 | INFO | ServiceFines.Controllers.GatewayController | Request POST from 0 with parametrs 'FIO'= Lomonosov, 'Adress'= Kursk, 'Phone'= 89197678732, 'Mark'= Audi, 'Model'= A8, 'StateNumber'= m987bt190, 'NameFine'= Проезд на красный свет, 'AmountFine'= 1500
2018-01-05 23:42:30.3530 | ERROR | ServiceFines.Controllers.GatewayController | Error with request POST http://localhost:50078/api/Machines . Error message: Произошла ошибка при отправке запроса.
2018-01-05 23:42:49.5576 | INFO | ServiceFines.Controllers.GatewayController | Request from 0 with parametr 'service'= users
2018-01-05 23:42:50.3895 | INFO | ServiceFines.Controllers.GatewayController | Request http://localhost:50133/api/Users. Answer status = OK and Reason = OK
2018-01-05 23:42:50.3895 | INFO | ServiceFines.Controllers.GatewayController | Succsess request from 0 with parametr 'service'= users
2018-01-05 23:42:54.1951 | INFO | ServiceFines.Controllers.GatewayController | Request from 0 with parametr 'service'= fines
2018-01-05 23:42:54.2091 | INFO | ServiceFines.Controllers.GatewayController | Request http://localhost:50178/api/Fines. Answer status = OK and Reason = OK
2018-01-05 23:42:54.2091 | INFO | ServiceFines.Controllers.GatewayController | Succsess request from 0 with parametr 'service'= fines
