2018-01-16 20:10:54.8237 | INFO | Users.Controllers.UserInfController | Request GET with OData
2018-01-16 20:11:03.8268 | INFO | Users.Controllers.UserInfController | Request GET with OData
2018-01-16 20:11:32.4880 | INFO | Users.Controllers.UsersController | Request PUT with ID = 1 FIO = Krotov Adress = Omsk Phone = 89137651414 IdFines = 2
2018-01-16 20:11:32.5131 | INFO | Users.Controllers.UsersController | Success request PUT with ID = 1 FIO = Krotov Adress = Omsk Phone = 89137651414 IdFines = 2.
2018-01-16 20:12:29.5345 | INFO | Users.Controllers.UsersController | Request GET
2018-01-16 20:14:55.5997 | INFO | Users.Controllers.UsersController | Request GET
2018-01-16 20:15:04.2172 | INFO | Users.Controllers.UsersController | Request GET
2018-01-16 20:47:16.6121 | INFO | Users.Controllers.UserInfController | Request GET with OData
2018-01-16 20:47:19.7313 | INFO | Users.Controllers.UsersController | Request POST with ID = {0} FIO = {1} Adress = {2} Phone = {3} IdFines = {4}
2018-01-16 20:47:19.7895 | INFO | Users.Controllers.UsersController | Success POST with ID = {0} FIO = {1} Adress = {2} Phone = {3} IdFines = {4}
2018-01-16 20:50:30.1495 | ERROR | Users.Controllers.UsersController | Error in Statistic service. Deleted data from DataBase. Message:Error in Input Queue
2018-01-16 21:01:02.9120 | INFO | Users.Controllers.UserInfController | Request GET with OData
2018-01-16 21:01:04.7667 | INFO | Users.Controllers.UsersController | Request DELETE with ID = 47
2018-01-16 21:01:04.7938 | INFO | Users.Controllers.UsersController | Success request DELETE with ID = 47
2018-01-16 21:02:13.0035 | INFO | Users.Controllers.UserInfController | Request GET with OData
2018-01-16 21:02:13.0416 | INFO | Users.Controllers.UsersController | Request POST with ID = {0} FIO = {1} Adress = {2} Phone = {3} IdFines = {4}
2018-01-16 21:02:13.0416 | INFO | Users.Controllers.UsersController | Success POST with ID = {0} FIO = {1} Adress = {2} Phone = {3} IdFines = {4}
2018-01-16 21:02:47.4681 | INFO | Users.Controllers.UserInfController | Request GET with OData
2018-01-16 21:02:47.4681 | INFO | Users.Controllers.UsersController | Request DELETE with ID = 48
2018-01-16 21:02:47.4962 | INFO | Users.Controllers.UsersController | Success request DELETE with ID = 48
2018-01-16 21:03:19.3614 | INFO | Users.Controllers.UserInfController | Request GET with OData
2018-01-16 21:06:10.9885 | ERROR | Users.Controllers.UsersController | Error in Statistic service. Deleted data from DataBase. Message:Error in Input Queue
2018-01-16 21:08:23.9844 | INFO | Users.Controllers.UserInfController | Request GET with OData
2018-01-16 21:08:24.6767 | INFO | Users.Controllers.UsersController | Request POST with ID = {0} FIO = {1} Adress = {2} Phone = {3} IdFines = {4}
2018-01-16 21:08:24.6767 | INFO | Users.Controllers.UsersController | Success POST with ID = {0} FIO = {1} Adress = {2} Phone = {3} IdFines = {4}
2018-01-16 21:08:43.2157 | INFO | Users.Controllers.UserInfController | Request GET with OData
2018-01-16 21:08:43.2157 | INFO | Users.Controllers.UsersController | Request DELETE with ID = 49
2018-01-16 21:08:43.2289 | INFO | Users.Controllers.UsersController | Success request DELETE with ID = 49
2018-01-16 21:10:25.3209 | INFO | Users.Controllers.UserInfController | Request GET with OData
2018-01-16 21:10:25.3320 | INFO | Users.Controllers.UsersController | Request POST with ID = {0} FIO = {1} Adress = {2} Phone = {3} IdFines = {4}
2018-01-16 21:10:25.3490 | INFO | Users.Controllers.UsersController | Success POST with ID = {0} FIO = {1} Adress = {2} Phone = {3} IdFines = {4}
2018-01-16 21:10:44.0301 | INFO | Users.Controllers.UserInfController | Request GET with OData
2018-01-16 21:10:52.4548 | INFO | Users.Controllers.UserInfController | Request GET with OData
2018-01-16 21:10:52.4548 | INFO | Users.Controllers.UsersController | Request DELETE with ID = 50
2018-01-16 21:10:52.4658 | INFO | Users.Controllers.UsersController | Success request DELETE with ID = 50
2018-01-16 21:11:17.4435 | INFO | Users.Controllers.UserInfController | Request GET with OData
2018-01-16 21:11:17.4515 | INFO | Users.Controllers.UsersController | Request POST with ID = {0} FIO = {1} Adress = {2} Phone = {3} IdFines = {4}
2018-01-16 21:11:17.4515 | INFO | Users.Controllers.UsersController | Success POST with ID = {0} FIO = {1} Adress = {2} Phone = {3} IdFines = {4}
2018-01-16 21:11:31.6231 | INFO | Users.Controllers.UserInfController | Request GET with OData
2018-01-16 21:11:48.7059 | INFO | Users.Controllers.UserInfController | Request GET with OData
2018-01-16 21:11:48.7059 | INFO | Users.Controllers.UsersController | Request DELETE with ID = 51
2018-01-16 21:11:48.7991 | INFO | Users.Controllers.UsersController | Success request DELETE with ID = 51
2018-01-16 21:17:58.5917 | INFO | Users.Controllers.UserInfController | Request GET with OData
2018-01-16 21:18:08.5114 | INFO | Users.Controllers.UserInfController | Request GET with OData
2018-01-16 21:18:08.5114 | INFO | Users.Controllers.UsersController | Request POST with ID = {0} FIO = {1} Adress = {2} Phone = {3} IdFines = {4}
2018-01-16 21:18:08.5264 | INFO | Users.Controllers.UsersController | Success POST with ID = {0} FIO = {1} Adress = {2} Phone = {3} IdFines = {4}
2018-01-16 21:18:21.6761 | INFO | Users.Controllers.UserInfController | Request GET with OData
2018-01-16 21:18:21.6861 | INFO | Users.Controllers.UsersController | Request DELETE with ID = 52
2018-01-16 21:18:21.6861 | INFO | Users.Controllers.UsersController | Success request DELETE with ID = 52
2018-01-16 21:19:45.5174 | INFO | Users.Controllers.UserInfController | Request GET with OData
2018-01-16 21:19:45.5284 | INFO | Users.Controllers.UsersController | Request POST with ID = {0} FIO = {1} Adress = {2} Phone = {3} IdFines = {4}
2018-01-16 21:19:45.5284 | INFO | Users.Controllers.UsersController | Success POST with ID = {0} FIO = {1} Adress = {2} Phone = {3} IdFines = {4}
2018-01-16 21:20:19.0340 | INFO | Users.Controllers.UserInfController | Request GET with OData
2018-01-16 21:20:19.0421 | INFO | Users.Controllers.UsersController | Request DELETE with ID = 53
2018-01-16 21:20:19.0421 | INFO | Users.Controllers.UsersController | Success request DELETE with ID = 53
2018-01-16 21:28:40.1244 | INFO | Users.Controllers.UserInfController | Request GET with OData
2018-01-16 21:28:41.4952 | INFO | Users.Controllers.UsersController | Request POST with ID = {0} FIO = {1} Adress = {2} Phone = {3} IdFines = {4}
2018-01-16 21:28:41.5452 | INFO | Users.Controllers.UsersController | Success POST with ID = {0} FIO = {1} Adress = {2} Phone = {3} IdFines = {4}
2018-01-16 21:28:54.9419 | INFO | Users.Controllers.UserInfController | Request GET with OData
2018-01-16 21:28:54.9580 | INFO | Users.Controllers.UsersController | Request DELETE with ID = 54
2018-01-16 21:28:54.9700 | INFO | Users.Controllers.UsersController | Success request DELETE with ID = 54
2018-01-16 21:33:41.4827 | ERROR | Users.Controllers.UsersController | Error in Statistic service. Deleted data from DataBase. Message:Error in Input Queue
